<?xml version="1.0" encoding="UTF-8"?>
<!-- Generated by org.testng.reporters.JUnitXMLReporter -->
<testsuite ignored="0" hostname="DESKTOP-L90MKEQ" failures="0" tests="5" name="Test" time="20.838" errors="0" timestamp="2024-09-13T21:17:41 IST">
  <testcase classname="TestCase.tc_loginDDT002" name="loginDDT" time="6.73"/>
  <testcase classname="TestCase.tc_loginDDT002" name="loginDDT" time="1.834"/>
  <testcase classname="TestCase.tc_loginDDT002" name="loginDDT" time="2.229"/>
  <testcase classname="TestCase.tc_loginDDT002" name="loginDDT" time="2.108"/>
  <testcase classname="TestCase.tc_loginDDT002" name="loginDDT" time="2.021"/>
</testsuite> <!-- Test -->
