<?xml version="1.0" encoding="UTF-8"?>
<testng-results ignored="0" total="1" passed="1" failed="0" skipped="0">
  <reporter-output>
  </reporter-output>
  <suite started-at="2024-09-13T22:16:17 IST" name="Default suite" finished-at="2024-09-13T22:16:34 IST" duration-ms="16733">
    <groups>
    </groups>
    <test started-at="2024-09-13T22:16:17 IST" name="Default test" finished-at="2024-09-13T22:16:34 IST" duration-ms="16733">
      <class name="TestCase.tc_AddNewCustomer">
        <test-method is-config="true" signature="SetUP()[pri:0, instance:TestCase.tc_AddNewCustomer@5f049ea1]" started-at="2024-09-13T22:16:17 IST" name="SetUP" finished-at="2024-09-13T22:16:19 IST" duration-ms="2343" status="PASS">
          <reporter-output>
          </reporter-output>
        </test-method> <!-- SetUP -->
        <test-method signature="Addnewcustomer()[pri:0, instance:TestCase.tc_AddNewCustomer@5f049ea1]" started-at="2024-09-13T22:16:19 IST" name="Addnewcustomer" finished-at="2024-09-13T22:16:34 IST" duration-ms="14294" status="PASS">
          <reporter-output>
          </reporter-output>
        </test-method> <!-- Addnewcustomer -->
      </class> <!-- TestCase.tc_AddNewCustomer -->
    </test> <!-- Default test -->
  </suite> <!-- Default suite -->
</testng-results>
